2025-08-12 13:37:56,867 DEBUG    root            Loaded Command Group: ['gcloud', 'components']
2025-08-12 13:37:56,871 DEBUG    root            Loaded Command Group: ['gcloud', 'components', 'update']
2025-08-12 13:37:56,872 DEBUG    root            Running [gcloud.components.update] with arguments: [--compile-python: "True", --quiet: "True", COMPONENT-IDS:6: "['core', 'gcloud-deps', 'bq', 'gcloud', 'gcloud-crc32c', 'gsutil']"]
2025-08-12 13:37:56,873 INFO     ___FILE_ONLY___ Beginning update. This process may take several minutes.

2025-08-12 13:37:56,906 DEBUG    urllib3.connectionpool Starting new HTTPS connection (1): dl.google.com:443
2025-08-12 13:37:57,971 DEBUG    urllib3.connectionpool https://dl.google.com:443 "GET /dl/cloudsdk/channels/rapid/components-2.json HTTP/11" 200 233150
2025-08-12 13:37:58,467 INFO     ___FILE_ONLY___ 

2025-08-12 13:37:58,467 INFO     ___FILE_ONLY___ 
Your current Google Cloud CLI version is: 534.0.0

2025-08-12 13:37:58,468 INFO     ___FILE_ONLY___ Installing components from version: 534.0.0

2025-08-12 13:37:58,468 INFO     ___FILE_ONLY___ 

2025-08-12 13:37:58,468 DEBUG    root            Chosen display Format:table[box,title="These components will be removed."](details.display_name:label=Name:align=left,version.version_string:label=Version:align=right,data.size.size(zero="",min=1048576):label=Size:align=right)
2025-08-12 13:37:58,469 DEBUG    root            Chosen display Format:table[box,title="These components will be updated."](details.display_name:label=Name:align=left,version.version_string:label=Version:align=right,data.size.size(zero="",min=1048576):label=Size:align=right)
2025-08-12 13:37:58,469 DEBUG    root            Chosen display Format:table[box,title="These components will be installed."](details.display_name:label=Name:align=left,version.version_string:label=Version:align=right,data.size.size(zero="",min=1048576):label=Size:align=right)
2025-08-12 13:37:58,513 INFO     ___FILE_ONLY___ ┌─────────────────────────────────────────────────────────────────────────────┐
2025-08-12 13:37:58,513 INFO     ___FILE_ONLY___ 

2025-08-12 13:37:58,513 INFO     ___FILE_ONLY___ │                     These components will be installed.                     │
2025-08-12 13:37:58,513 INFO     ___FILE_ONLY___ 

2025-08-12 13:37:58,513 INFO     ___FILE_ONLY___ ├─────────────────────────────────────────────────────┬────────────┬──────────┤
2025-08-12 13:37:58,513 INFO     ___FILE_ONLY___ 

2025-08-12 13:37:58,513 INFO     ___FILE_ONLY___ │                         Name                        │  Version   │   Size   │
2025-08-12 13:37:58,513 INFO     ___FILE_ONLY___ 

2025-08-12 13:37:58,513 INFO     ___FILE_ONLY___ ├─────────────────────────────────────────────────────┼────────────┼──────────┤
2025-08-12 13:37:58,513 INFO     ___FILE_ONLY___ 

2025-08-12 13:37:58,513 INFO     ___FILE_ONLY___ │ 
2025-08-12 13:37:58,514 INFO     ___FILE_ONLY___ BigQuery Command Line Tool                         
2025-08-12 13:37:58,514 INFO     ___FILE_ONLY___  
2025-08-12 13:37:58,514 INFO     ___FILE_ONLY___ │ 
2025-08-12 13:37:58,514 INFO     ___FILE_ONLY___     2.1.22
2025-08-12 13:37:58,514 INFO     ___FILE_ONLY___  
2025-08-12 13:37:58,514 INFO     ___FILE_ONLY___ │ 
2025-08-12 13:37:58,514 INFO     ___FILE_ONLY___  1.8 MiB
2025-08-12 13:37:58,514 INFO     ___FILE_ONLY___  
2025-08-12 13:37:58,514 INFO     ___FILE_ONLY___ │
2025-08-12 13:37:58,514 INFO     ___FILE_ONLY___ 

2025-08-12 13:37:58,514 INFO     ___FILE_ONLY___ │ 
2025-08-12 13:37:58,514 INFO     ___FILE_ONLY___ BigQuery Command Line Tool (Platform Specific)     
2025-08-12 13:37:58,514 INFO     ___FILE_ONLY___  
2025-08-12 13:37:58,514 INFO     ___FILE_ONLY___ │ 
2025-08-12 13:37:58,514 INFO     ___FILE_ONLY___     2.1.17
2025-08-12 13:37:58,514 INFO     ___FILE_ONLY___  
2025-08-12 13:37:58,515 INFO     ___FILE_ONLY___ │ 
2025-08-12 13:37:58,515 INFO     ___FILE_ONLY___  < 1 MiB
2025-08-12 13:37:58,515 INFO     ___FILE_ONLY___  
2025-08-12 13:37:58,515 INFO     ___FILE_ONLY___ │
2025-08-12 13:37:58,515 INFO     ___FILE_ONLY___ 

2025-08-12 13:37:58,515 INFO     ___FILE_ONLY___ │ 
2025-08-12 13:37:58,515 INFO     ___FILE_ONLY___ Bundled Python 3.12 (Platform Specific)            
2025-08-12 13:37:58,515 INFO     ___FILE_ONLY___  
2025-08-12 13:37:58,515 INFO     ___FILE_ONLY___ │ 
2025-08-12 13:37:58,515 INFO     ___FILE_ONLY___     3.12.9
2025-08-12 13:37:58,515 INFO     ___FILE_ONLY___  
2025-08-12 13:37:58,515 INFO     ___FILE_ONLY___ │ 
2025-08-12 13:37:58,515 INFO     ___FILE_ONLY___ 89.3 MiB
2025-08-12 13:37:58,515 INFO     ___FILE_ONLY___  
2025-08-12 13:37:58,515 INFO     ___FILE_ONLY___ │
2025-08-12 13:37:58,515 INFO     ___FILE_ONLY___ 

2025-08-12 13:37:58,515 INFO     ___FILE_ONLY___ │ 
2025-08-12 13:37:58,515 INFO     ___FILE_ONLY___ Cloud Storage Command Line Tool                    
2025-08-12 13:37:58,515 INFO     ___FILE_ONLY___  
2025-08-12 13:37:58,515 INFO     ___FILE_ONLY___ │ 
2025-08-12 13:37:58,515 INFO     ___FILE_ONLY___       5.35
2025-08-12 13:37:58,515 INFO     ___FILE_ONLY___  
2025-08-12 13:37:58,516 INFO     ___FILE_ONLY___ │ 
2025-08-12 13:37:58,516 INFO     ___FILE_ONLY___ 12.4 MiB
2025-08-12 13:37:58,516 INFO     ___FILE_ONLY___  
2025-08-12 13:37:58,516 INFO     ___FILE_ONLY___ │
2025-08-12 13:37:58,516 INFO     ___FILE_ONLY___ 

2025-08-12 13:37:58,516 INFO     ___FILE_ONLY___ │ 
2025-08-12 13:37:58,516 INFO     ___FILE_ONLY___ Cloud Storage Command Line Tool (Platform Specific)
2025-08-12 13:37:58,516 INFO     ___FILE_ONLY___  
2025-08-12 13:37:58,516 INFO     ___FILE_ONLY___ │ 
2025-08-12 13:37:58,516 INFO     ___FILE_ONLY___       5.34
2025-08-12 13:37:58,516 INFO     ___FILE_ONLY___  
2025-08-12 13:37:58,516 INFO     ___FILE_ONLY___ │ 
2025-08-12 13:37:58,516 INFO     ___FILE_ONLY___  < 1 MiB
2025-08-12 13:37:58,516 INFO     ___FILE_ONLY___  
2025-08-12 13:37:58,516 INFO     ___FILE_ONLY___ │
2025-08-12 13:37:58,516 INFO     ___FILE_ONLY___ 

2025-08-12 13:37:58,516 INFO     ___FILE_ONLY___ │ 
2025-08-12 13:37:58,516 INFO     ___FILE_ONLY___ Google Cloud CLI Core Libraries (Platform Specific)
2025-08-12 13:37:58,516 INFO     ___FILE_ONLY___  
2025-08-12 13:37:58,516 INFO     ___FILE_ONLY___ │ 
2025-08-12 13:37:58,516 INFO     ___FILE_ONLY___ 2025.05.23
2025-08-12 13:37:58,516 INFO     ___FILE_ONLY___  
2025-08-12 13:37:58,517 INFO     ___FILE_ONLY___ │ 
2025-08-12 13:37:58,517 INFO     ___FILE_ONLY___  < 1 MiB
2025-08-12 13:37:58,517 INFO     ___FILE_ONLY___  
2025-08-12 13:37:58,517 INFO     ___FILE_ONLY___ │
2025-08-12 13:37:58,517 INFO     ___FILE_ONLY___ 

2025-08-12 13:37:58,517 INFO     ___FILE_ONLY___ │ 
2025-08-12 13:37:58,517 INFO     ___FILE_ONLY___ Google Cloud CRC32C Hash Tool (Platform Specific)  
2025-08-12 13:37:58,517 INFO     ___FILE_ONLY___  
2025-08-12 13:37:58,517 INFO     ___FILE_ONLY___ │ 
2025-08-12 13:37:58,517 INFO     ___FILE_ONLY___      1.0.0
2025-08-12 13:37:58,517 INFO     ___FILE_ONLY___  
2025-08-12 13:37:58,517 INFO     ___FILE_ONLY___ │ 
2025-08-12 13:37:58,517 INFO     ___FILE_ONLY___  1.5 MiB
2025-08-12 13:37:58,517 INFO     ___FILE_ONLY___  
2025-08-12 13:37:58,517 INFO     ___FILE_ONLY___ │
2025-08-12 13:37:58,517 INFO     ___FILE_ONLY___ 

2025-08-12 13:37:58,517 INFO     ___FILE_ONLY___ │ 
2025-08-12 13:37:58,517 INFO     ___FILE_ONLY___ gcloud cli dependencies (Platform Specific)        
2025-08-12 13:37:58,517 INFO     ___FILE_ONLY___  
2025-08-12 13:37:58,517 INFO     ___FILE_ONLY___ │ 
2025-08-12 13:37:58,517 INFO     ___FILE_ONLY___ 2021.04.16
2025-08-12 13:37:58,517 INFO     ___FILE_ONLY___  
2025-08-12 13:37:58,517 INFO     ___FILE_ONLY___ │ 
2025-08-12 13:37:58,518 INFO     ___FILE_ONLY___  < 1 MiB
2025-08-12 13:37:58,518 INFO     ___FILE_ONLY___  
2025-08-12 13:37:58,518 INFO     ___FILE_ONLY___ │
2025-08-12 13:37:58,518 INFO     ___FILE_ONLY___ 

2025-08-12 13:37:58,518 INFO     ___FILE_ONLY___ └─────────────────────────────────────────────────────┴────────────┴──────────┘
2025-08-12 13:37:58,518 INFO     ___FILE_ONLY___ 

2025-08-12 13:37:58,518 INFO     ___FILE_ONLY___ 

2025-08-12 13:37:58,521 DEBUG    urllib3.connectionpool Starting new HTTPS connection (1): dl.google.com:443
2025-08-12 13:37:59,616 DEBUG    urllib3.connectionpool https://dl.google.com:443 "GET /dl/cloudsdk/channels/rapid/RELEASE_NOTES HTTP/11" 200 1464830
2025-08-12 13:38:00,089 INFO     ___FILE_ONLY___ For the latest full release notes, please visit:
  https://cloud.google.com/sdk/release_notes


2025-08-12 13:38:00,089 INFO     ___FILE_ONLY___ Performing in place update...


2025-08-12 13:38:00,091 INFO     ___FILE_ONLY___ ╔════════════════════════════════════════════════════════════╗

2025-08-12 13:38:00,091 INFO     ___FILE_ONLY___ ╠═ Downloading: BigQuery Command Line Tool                  ═╣

2025-08-12 13:38:00,091 INFO     ___FILE_ONLY___ ╚
2025-08-12 13:38:00,095 DEBUG    urllib3.connectionpool Starting new HTTPS connection (1): dl.google.com:443
2025-08-12 13:38:01,269 DEBUG    urllib3.connectionpool https://dl.google.com:443 "GET /dl/cloudsdk/channels/rapid/components/google-cloud-sdk-bq-20250801150402.tar.gz HTTP/11" 200 1856357
2025-08-12 13:38:01,280 INFO     ___FILE_ONLY___ ═
2025-08-12 13:38:01,280 INFO     ___FILE_ONLY___ ═
2025-08-12 13:38:01,280 INFO     ___FILE_ONLY___ ═
2025-08-12 13:38:01,280 INFO     ___FILE_ONLY___ ═
2025-08-12 13:38:01,280 INFO     ___FILE_ONLY___ ═
2025-08-12 13:38:01,281 INFO     ___FILE_ONLY___ ═
2025-08-12 13:38:01,281 INFO     ___FILE_ONLY___ ═
2025-08-12 13:38:01,281 INFO     ___FILE_ONLY___ ═
2025-08-12 13:38:01,281 INFO     ___FILE_ONLY___ ═
2025-08-12 13:38:01,281 INFO     ___FILE_ONLY___ ═
2025-08-12 13:38:01,281 INFO     ___FILE_ONLY___ ═
2025-08-12 13:38:01,281 INFO     ___FILE_ONLY___ ═
2025-08-12 13:38:01,281 INFO     ___FILE_ONLY___ ═
2025-08-12 13:38:01,282 INFO     ___FILE_ONLY___ ═
2025-08-12 13:38:01,282 INFO     ___FILE_ONLY___ ═
2025-08-12 13:38:01,282 INFO     ___FILE_ONLY___ ═
2025-08-12 13:38:01,282 INFO     ___FILE_ONLY___ ═
2025-08-12 13:38:01,282 INFO     ___FILE_ONLY___ ═
2025-08-12 13:38:01,282 INFO     ___FILE_ONLY___ ═
2025-08-12 13:38:01,282 INFO     ___FILE_ONLY___ ═
2025-08-12 13:38:01,283 INFO     ___FILE_ONLY___ ═
2025-08-12 13:38:01,283 INFO     ___FILE_ONLY___ ═
2025-08-12 13:38:01,283 INFO     ___FILE_ONLY___ ═
2025-08-12 13:38:01,283 INFO     ___FILE_ONLY___ ═
2025-08-12 13:38:01,283 INFO     ___FILE_ONLY___ ═
2025-08-12 13:38:01,283 INFO     ___FILE_ONLY___ ═
2025-08-12 13:38:01,283 INFO     ___FILE_ONLY___ ═
2025-08-12 13:38:01,284 INFO     ___FILE_ONLY___ ═
2025-08-12 13:38:01,284 INFO     ___FILE_ONLY___ ═
2025-08-12 13:38:01,284 INFO     ___FILE_ONLY___ ═
2025-08-12 13:38:01,284 INFO     ___FILE_ONLY___ ═
2025-08-12 13:38:01,284 INFO     ___FILE_ONLY___ ═
2025-08-12 13:38:01,284 INFO     ___FILE_ONLY___ ═
2025-08-12 13:38:01,284 INFO     ___FILE_ONLY___ ═
2025-08-12 13:38:01,284 INFO     ___FILE_ONLY___ ═
2025-08-12 13:38:01,284 INFO     ___FILE_ONLY___ ═
2025-08-12 13:38:01,285 INFO     ___FILE_ONLY___ ═
2025-08-12 13:38:01,285 INFO     ___FILE_ONLY___ ═
2025-08-12 13:38:01,285 INFO     ___FILE_ONLY___ ═
2025-08-12 13:38:01,285 INFO     ___FILE_ONLY___ ═
2025-08-12 13:38:01,285 INFO     ___FILE_ONLY___ ═
2025-08-12 13:38:01,285 INFO     ___FILE_ONLY___ ═
2025-08-12 13:38:01,285 INFO     ___FILE_ONLY___ ═
2025-08-12 13:38:01,285 INFO     ___FILE_ONLY___ ═
2025-08-12 13:38:01,286 INFO     ___FILE_ONLY___ ═
2025-08-12 13:38:01,286 INFO     ___FILE_ONLY___ ═
2025-08-12 13:38:01,286 INFO     ___FILE_ONLY___ ═
2025-08-12 13:38:01,286 INFO     ___FILE_ONLY___ ═
2025-08-12 13:38:01,286 INFO     ___FILE_ONLY___ ═
2025-08-12 13:38:01,286 INFO     ___FILE_ONLY___ ═
2025-08-12 13:38:01,286 INFO     ___FILE_ONLY___ ═
2025-08-12 13:38:01,286 INFO     ___FILE_ONLY___ ═
2025-08-12 13:38:01,286 INFO     ___FILE_ONLY___ ═
2025-08-12 13:38:01,286 INFO     ___FILE_ONLY___ ═
2025-08-12 13:38:01,287 INFO     ___FILE_ONLY___ ═
2025-08-12 13:38:01,287 INFO     ___FILE_ONLY___ ═
2025-08-12 13:38:01,287 INFO     ___FILE_ONLY___ ═
2025-08-12 13:38:01,287 INFO     ___FILE_ONLY___ ═
2025-08-12 13:38:01,287 INFO     ___FILE_ONLY___ ═
2025-08-12 13:38:01,287 INFO     ___FILE_ONLY___ ═
2025-08-12 13:38:01,287 INFO     ___FILE_ONLY___ ╝

2025-08-12 13:38:01,289 INFO     ___FILE_ONLY___ ╔════════════════════════════════════════════════════════════╗

2025-08-12 13:38:01,289 INFO     ___FILE_ONLY___ ╠═ Downloading: BigQuery Command Line Tool (Platform Spe... ═╣

2025-08-12 13:38:01,289 INFO     ___FILE_ONLY___ ╚
2025-08-12 13:38:01,293 DEBUG    urllib3.connectionpool Starting new HTTPS connection (1): dl.google.com:443
2025-08-12 13:38:02,467 DEBUG    urllib3.connectionpool https://dl.google.com:443 "GET /dl/cloudsdk/channels/rapid/components/google-cloud-sdk-bq-nix-20250523104322.tar.gz HTTP/11" 200 1935
2025-08-12 13:38:02,468 INFO     ___FILE_ONLY___ ════════════════════════════════════════════════════════════
2025-08-12 13:38:02,468 INFO     ___FILE_ONLY___ ╝

2025-08-12 13:38:02,470 INFO     ___FILE_ONLY___ ╔════════════════════════════════════════════════════════════╗

2025-08-12 13:38:02,470 INFO     ___FILE_ONLY___ ╠═ Downloading: Bundled Python 3.12                         ═╣

2025-08-12 13:38:02,470 INFO     ___FILE_ONLY___ ╚
2025-08-12 13:38:02,470 INFO     ___FILE_ONLY___ ════════════════════════════════════════════════════════════
2025-08-12 13:38:02,470 INFO     ___FILE_ONLY___ ╝

2025-08-12 13:38:02,472 INFO     ___FILE_ONLY___ ╔════════════════════════════════════════════════════════════╗

2025-08-12 13:38:02,472 INFO     ___FILE_ONLY___ ╠═ Downloading: Bundled Python 3.12 (Platform Specific)     ═╣

2025-08-12 13:38:02,472 INFO     ___FILE_ONLY___ ╚
2025-08-12 13:38:02,475 DEBUG    urllib3.connectionpool Starting new HTTPS connection (1): dl.google.com:443
2025-08-12 13:38:03,556 DEBUG    urllib3.connectionpool https://dl.google.com:443 "GET /dl/cloudsdk/channels/rapid/components/google-cloud-sdk-bundled-python3-unix-linux-x86_64-20250502143716.tar.gz HTTP/11" 200 93610468
2025-08-12 13:38:03,961 INFO     ___FILE_ONLY___ ═
2025-08-12 13:38:03,963 INFO     ___FILE_ONLY___ ═
2025-08-12 13:38:03,965 INFO     ___FILE_ONLY___ ═
2025-08-12 13:38:03,966 INFO     ___FILE_ONLY___ ═
2025-08-12 13:38:03,968 INFO     ___FILE_ONLY___ ═
2025-08-12 13:38:03,970 INFO     ___FILE_ONLY___ ═
2025-08-12 13:38:03,971 INFO     ___FILE_ONLY___ ═
2025-08-12 13:38:03,973 INFO     ___FILE_ONLY___ ═
2025-08-12 13:38:03,975 INFO     ___FILE_ONLY___ ═
2025-08-12 13:38:03,976 INFO     ___FILE_ONLY___ ═
2025-08-12 13:38:03,978 INFO     ___FILE_ONLY___ ═
2025-08-12 13:38:03,980 INFO     ___FILE_ONLY___ ═
2025-08-12 13:38:03,982 INFO     ___FILE_ONLY___ ═
2025-08-12 13:38:03,983 INFO     ___FILE_ONLY___ ═
2025-08-12 13:38:03,985 INFO     ___FILE_ONLY___ ═
2025-08-12 13:38:03,987 INFO     ___FILE_ONLY___ ═
2025-08-12 13:38:03,988 INFO     ___FILE_ONLY___ ═
2025-08-12 13:38:03,990 INFO     ___FILE_ONLY___ ═
2025-08-12 13:38:03,992 INFO     ___FILE_ONLY___ ═
2025-08-12 13:38:03,993 INFO     ___FILE_ONLY___ ═
2025-08-12 13:38:03,995 INFO     ___FILE_ONLY___ ═
2025-08-12 13:38:03,996 INFO     ___FILE_ONLY___ ═
2025-08-12 13:38:03,998 INFO     ___FILE_ONLY___ ═
2025-08-12 13:38:04,000 INFO     ___FILE_ONLY___ ═
2025-08-12 13:38:04,001 INFO     ___FILE_ONLY___ ═
2025-08-12 13:38:04,003 INFO     ___FILE_ONLY___ ═
2025-08-12 13:38:04,005 INFO     ___FILE_ONLY___ ═
2025-08-12 13:38:04,006 INFO     ___FILE_ONLY___ ═
2025-08-12 13:38:04,008 INFO     ___FILE_ONLY___ ═
2025-08-12 13:38:04,009 INFO     ___FILE_ONLY___ ═
2025-08-12 13:38:04,011 INFO     ___FILE_ONLY___ ═
2025-08-12 13:38:04,013 INFO     ___FILE_ONLY___ ═
2025-08-12 13:38:04,014 INFO     ___FILE_ONLY___ ═
2025-08-12 13:38:04,016 INFO     ___FILE_ONLY___ ═
2025-08-12 13:38:04,018 INFO     ___FILE_ONLY___ ═
2025-08-12 13:38:04,019 INFO     ___FILE_ONLY___ ═
2025-08-12 13:38:04,021 INFO     ___FILE_ONLY___ ═
2025-08-12 13:38:04,022 INFO     ___FILE_ONLY___ ═
2025-08-12 13:38:04,024 INFO     ___FILE_ONLY___ ═
2025-08-12 13:38:04,026 INFO     ___FILE_ONLY___ ═
2025-08-12 13:38:04,027 INFO     ___FILE_ONLY___ ═
2025-08-12 13:38:04,029 INFO     ___FILE_ONLY___ ═
2025-08-12 13:38:04,031 INFO     ___FILE_ONLY___ ═
2025-08-12 13:38:04,032 INFO     ___FILE_ONLY___ ═
2025-08-12 13:38:04,034 INFO     ___FILE_ONLY___ ═
2025-08-12 13:38:04,035 INFO     ___FILE_ONLY___ ═
2025-08-12 13:38:04,037 INFO     ___FILE_ONLY___ ═
2025-08-12 13:38:04,039 INFO     ___FILE_ONLY___ ═
2025-08-12 13:38:04,040 INFO     ___FILE_ONLY___ ═
2025-08-12 13:38:04,042 INFO     ___FILE_ONLY___ ═
2025-08-12 13:38:04,043 INFO     ___FILE_ONLY___ ═
2025-08-12 13:38:04,045 INFO     ___FILE_ONLY___ ═
2025-08-12 13:38:04,047 INFO     ___FILE_ONLY___ ═
2025-08-12 13:38:04,048 INFO     ___FILE_ONLY___ ═
2025-08-12 13:38:04,050 INFO     ___FILE_ONLY___ ═
2025-08-12 13:38:04,051 INFO     ___FILE_ONLY___ ═
2025-08-12 13:38:04,053 INFO     ___FILE_ONLY___ ═
2025-08-12 13:38:04,055 INFO     ___FILE_ONLY___ ═
2025-08-12 13:38:04,056 INFO     ___FILE_ONLY___ ═
2025-08-12 13:38:04,058 INFO     ___FILE_ONLY___ ═
2025-08-12 13:38:04,058 INFO     ___FILE_ONLY___ ╝

2025-08-12 13:38:04,060 INFO     ___FILE_ONLY___ ╔════════════════════════════════════════════════════════════╗

2025-08-12 13:38:04,061 INFO     ___FILE_ONLY___ ╠═ Downloading: Cloud Storage Command Line Tool             ═╣

2025-08-12 13:38:04,061 INFO     ___FILE_ONLY___ ╚
2025-08-12 13:38:04,064 DEBUG    urllib3.connectionpool Starting new HTTPS connection (1): dl.google.com:443
2025-08-12 13:38:05,136 DEBUG    urllib3.connectionpool https://dl.google.com:443 "GET /dl/cloudsdk/channels/rapid/components/google-cloud-sdk-gsutil-20250627154417.tar.gz HTTP/11" 200 12962791
2025-08-12 13:38:05,180 INFO     ___FILE_ONLY___ ═
2025-08-12 13:38:05,181 INFO     ___FILE_ONLY___ ═
2025-08-12 13:38:05,181 INFO     ___FILE_ONLY___ ═
2025-08-12 13:38:05,181 INFO     ___FILE_ONLY___ ═
2025-08-12 13:38:05,182 INFO     ___FILE_ONLY___ ═
2025-08-12 13:38:05,182 INFO     ___FILE_ONLY___ ═
2025-08-12 13:38:05,182 INFO     ___FILE_ONLY___ ═
2025-08-12 13:38:05,182 INFO     ___FILE_ONLY___ ═
2025-08-12 13:38:05,183 INFO     ___FILE_ONLY___ ═
2025-08-12 13:38:05,183 INFO     ___FILE_ONLY___ ═
2025-08-12 13:38:05,183 INFO     ___FILE_ONLY___ ═
2025-08-12 13:38:05,184 INFO     ___FILE_ONLY___ ═
2025-08-12 13:38:05,184 INFO     ___FILE_ONLY___ ═
2025-08-12 13:38:05,184 INFO     ___FILE_ONLY___ ═
2025-08-12 13:38:05,185 INFO     ___FILE_ONLY___ ═
2025-08-12 13:38:05,185 INFO     ___FILE_ONLY___ ═
2025-08-12 13:38:05,185 INFO     ___FILE_ONLY___ ═
2025-08-12 13:38:05,186 INFO     ___FILE_ONLY___ ═
2025-08-12 13:38:05,186 INFO     ___FILE_ONLY___ ═
2025-08-12 13:38:05,186 INFO     ___FILE_ONLY___ ═
2025-08-12 13:38:05,186 INFO     ___FILE_ONLY___ ═
2025-08-12 13:38:05,187 INFO     ___FILE_ONLY___ ═
2025-08-12 13:38:05,187 INFO     ___FILE_ONLY___ ═
2025-08-12 13:38:05,187 INFO     ___FILE_ONLY___ ═
2025-08-12 13:38:05,188 INFO     ___FILE_ONLY___ ═
2025-08-12 13:38:05,188 INFO     ___FILE_ONLY___ ═
2025-08-12 13:38:05,188 INFO     ___FILE_ONLY___ ═
2025-08-12 13:38:05,189 INFO     ___FILE_ONLY___ ═
2025-08-12 13:38:05,189 INFO     ___FILE_ONLY___ ═
2025-08-12 13:38:05,189 INFO     ___FILE_ONLY___ ═
2025-08-12 13:38:05,190 INFO     ___FILE_ONLY___ ═
2025-08-12 13:38:05,190 INFO     ___FILE_ONLY___ ═
2025-08-12 13:38:05,190 INFO     ___FILE_ONLY___ ═
2025-08-12 13:38:05,191 INFO     ___FILE_ONLY___ ═
2025-08-12 13:38:05,191 INFO     ___FILE_ONLY___ ═
2025-08-12 13:38:05,191 INFO     ___FILE_ONLY___ ═
2025-08-12 13:38:05,192 INFO     ___FILE_ONLY___ ═
2025-08-12 13:38:05,192 INFO     ___FILE_ONLY___ ═
2025-08-12 13:38:05,192 INFO     ___FILE_ONLY___ ═
2025-08-12 13:38:05,193 INFO     ___FILE_ONLY___ ═
2025-08-12 13:38:05,193 INFO     ___FILE_ONLY___ ═
2025-08-12 13:38:05,193 INFO     ___FILE_ONLY___ ═
2025-08-12 13:38:05,194 INFO     ___FILE_ONLY___ ═
2025-08-12 13:38:05,194 INFO     ___FILE_ONLY___ ═
2025-08-12 13:38:05,194 INFO     ___FILE_ONLY___ ═
2025-08-12 13:38:05,194 INFO     ___FILE_ONLY___ ═
2025-08-12 13:38:05,195 INFO     ___FILE_ONLY___ ═
2025-08-12 13:38:05,195 INFO     ___FILE_ONLY___ ═
2025-08-12 13:38:05,195 INFO     ___FILE_ONLY___ ═
2025-08-12 13:38:05,196 INFO     ___FILE_ONLY___ ═
2025-08-12 13:38:05,196 INFO     ___FILE_ONLY___ ═
2025-08-12 13:38:05,196 INFO     ___FILE_ONLY___ ═
2025-08-12 13:38:05,197 INFO     ___FILE_ONLY___ ═
2025-08-12 13:38:05,197 INFO     ___FILE_ONLY___ ═
2025-08-12 13:38:05,197 INFO     ___FILE_ONLY___ ═
2025-08-12 13:38:05,198 INFO     ___FILE_ONLY___ ═
2025-08-12 13:38:05,198 INFO     ___FILE_ONLY___ ═
2025-08-12 13:38:05,198 INFO     ___FILE_ONLY___ ═
2025-08-12 13:38:05,199 INFO     ___FILE_ONLY___ ═
2025-08-12 13:38:05,199 INFO     ___FILE_ONLY___ ═
2025-08-12 13:38:05,199 INFO     ___FILE_ONLY___ ╝

2025-08-12 13:38:05,201 INFO     ___FILE_ONLY___ ╔════════════════════════════════════════════════════════════╗

2025-08-12 13:38:05,202 INFO     ___FILE_ONLY___ ╠═ Downloading: Cloud Storage Command Line Tool (Platfor... ═╣

2025-08-12 13:38:05,202 INFO     ___FILE_ONLY___ ╚
2025-08-12 13:38:05,205 DEBUG    urllib3.connectionpool Starting new HTTPS connection (1): dl.google.com:443
2025-08-12 13:38:06,282 DEBUG    urllib3.connectionpool https://dl.google.com:443 "GET /dl/cloudsdk/channels/rapid/components/google-cloud-sdk-gsutil-nix-20250523104322.tar.gz HTTP/11" 200 1950
2025-08-12 13:38:06,283 INFO     ___FILE_ONLY___ ════════════════════════════════════════════════════════════
2025-08-12 13:38:06,283 INFO     ___FILE_ONLY___ ╝

2025-08-12 13:38:06,285 INFO     ___FILE_ONLY___ ╔════════════════════════════════════════════════════════════╗

2025-08-12 13:38:06,285 INFO     ___FILE_ONLY___ ╠═ Downloading: Default set of gcloud commands              ═╣

2025-08-12 13:38:06,285 INFO     ___FILE_ONLY___ ╚
2025-08-12 13:38:06,285 INFO     ___FILE_ONLY___ ════════════════════════════════════════════════════════════
2025-08-12 13:38:06,285 INFO     ___FILE_ONLY___ ╝

2025-08-12 13:38:06,287 INFO     ___FILE_ONLY___ ╔════════════════════════════════════════════════════════════╗

2025-08-12 13:38:06,287 INFO     ___FILE_ONLY___ ╠═ Downloading: Google Cloud CLI Core Libraries (Platfor... ═╣

2025-08-12 13:38:06,287 INFO     ___FILE_ONLY___ ╚
2025-08-12 13:38:06,290 DEBUG    urllib3.connectionpool Starting new HTTPS connection (1): dl.google.com:443
2025-08-12 13:38:07,422 DEBUG    urllib3.connectionpool https://dl.google.com:443 "GET /dl/cloudsdk/channels/rapid/components/google-cloud-sdk-core-nix-20250523104322.tar.gz HTTP/11" 200 2325
2025-08-12 13:38:07,423 INFO     ___FILE_ONLY___ ════════════════════════════════════════════════════════════
2025-08-12 13:38:07,423 INFO     ___FILE_ONLY___ ╝

2025-08-12 13:38:07,425 INFO     ___FILE_ONLY___ ╔════════════════════════════════════════════════════════════╗

2025-08-12 13:38:07,425 INFO     ___FILE_ONLY___ ╠═ Downloading: Google Cloud CRC32C Hash Tool               ═╣

2025-08-12 13:38:07,425 INFO     ___FILE_ONLY___ ╚
2025-08-12 13:38:07,425 INFO     ___FILE_ONLY___ ════════════════════════════════════════════════════════════
2025-08-12 13:38:07,426 INFO     ___FILE_ONLY___ ╝

2025-08-12 13:38:07,427 INFO     ___FILE_ONLY___ ╔════════════════════════════════════════════════════════════╗

2025-08-12 13:38:07,427 INFO     ___FILE_ONLY___ ╠═ Downloading: Google Cloud CRC32C Hash Tool (Platform ... ═╣

2025-08-12 13:38:07,428 INFO     ___FILE_ONLY___ ╚
2025-08-12 13:38:07,432 DEBUG    urllib3.connectionpool Starting new HTTPS connection (1): dl.google.com:443
2025-08-12 13:38:08,545 DEBUG    urllib3.connectionpool https://dl.google.com:443 "GET /dl/cloudsdk/channels/rapid/components/google-cloud-sdk-gcloud-crc32c-linux-x86_64-20250613150750.tar.gz HTTP/11" 200 1525557
2025-08-12 13:38:08,555 INFO     ___FILE_ONLY___ ═
2025-08-12 13:38:08,555 INFO     ___FILE_ONLY___ ═
2025-08-12 13:38:08,555 INFO     ___FILE_ONLY___ ═
2025-08-12 13:38:08,555 INFO     ___FILE_ONLY___ ═
2025-08-12 13:38:08,555 INFO     ___FILE_ONLY___ ═
2025-08-12 13:38:08,556 INFO     ___FILE_ONLY___ ═
2025-08-12 13:38:08,556 INFO     ___FILE_ONLY___ ═
2025-08-12 13:38:08,556 INFO     ___FILE_ONLY___ ═
2025-08-12 13:38:08,556 INFO     ___FILE_ONLY___ ═
2025-08-12 13:38:08,556 INFO     ___FILE_ONLY___ ═
2025-08-12 13:38:08,556 INFO     ___FILE_ONLY___ ═
2025-08-12 13:38:08,557 INFO     ___FILE_ONLY___ ═
2025-08-12 13:38:08,557 INFO     ___FILE_ONLY___ ═
2025-08-12 13:38:08,557 INFO     ___FILE_ONLY___ ═
2025-08-12 13:38:08,557 INFO     ___FILE_ONLY___ ═
2025-08-12 13:38:08,557 INFO     ___FILE_ONLY___ ═
2025-08-12 13:38:08,557 INFO     ___FILE_ONLY___ ═
2025-08-12 13:38:08,557 INFO     ___FILE_ONLY___ ═
2025-08-12 13:38:08,558 INFO     ___FILE_ONLY___ ═
2025-08-12 13:38:08,558 INFO     ___FILE_ONLY___ ═
2025-08-12 13:38:08,558 INFO     ___FILE_ONLY___ ═
2025-08-12 13:38:08,558 INFO     ___FILE_ONLY___ ═
2025-08-12 13:38:08,558 INFO     ___FILE_ONLY___ ═
2025-08-12 13:38:08,558 INFO     ___FILE_ONLY___ ═
2025-08-12 13:38:08,558 INFO     ___FILE_ONLY___ ═
2025-08-12 13:38:08,558 INFO     ___FILE_ONLY___ ═
2025-08-12 13:38:08,558 INFO     ___FILE_ONLY___ ═
2025-08-12 13:38:08,559 INFO     ___FILE_ONLY___ ═
2025-08-12 13:38:08,559 INFO     ___FILE_ONLY___ ═
2025-08-12 13:38:08,559 INFO     ___FILE_ONLY___ ═
2025-08-12 13:38:08,559 INFO     ___FILE_ONLY___ ═
2025-08-12 13:38:08,559 INFO     ___FILE_ONLY___ ═
2025-08-12 13:38:08,559 INFO     ___FILE_ONLY___ ═
2025-08-12 13:38:08,559 INFO     ___FILE_ONLY___ ═
2025-08-12 13:38:08,559 INFO     ___FILE_ONLY___ ═
2025-08-12 13:38:08,559 INFO     ___FILE_ONLY___ ═
2025-08-12 13:38:08,559 INFO     ___FILE_ONLY___ ═
2025-08-12 13:38:08,559 INFO     ___FILE_ONLY___ ═
2025-08-12 13:38:08,559 INFO     ___FILE_ONLY___ ═
2025-08-12 13:38:08,559 INFO     ___FILE_ONLY___ ═
2025-08-12 13:38:08,560 INFO     ___FILE_ONLY___ ═
2025-08-12 13:38:08,560 INFO     ___FILE_ONLY___ ═
2025-08-12 13:38:08,560 INFO     ___FILE_ONLY___ ═
2025-08-12 13:38:08,560 INFO     ___FILE_ONLY___ ═
2025-08-12 13:38:08,560 INFO     ___FILE_ONLY___ ═
2025-08-12 13:38:08,560 INFO     ___FILE_ONLY___ ═
2025-08-12 13:38:08,560 INFO     ___FILE_ONLY___ ═
2025-08-12 13:38:08,560 INFO     ___FILE_ONLY___ ═
2025-08-12 13:38:08,560 INFO     ___FILE_ONLY___ ═
2025-08-12 13:38:08,560 INFO     ___FILE_ONLY___ ═
2025-08-12 13:38:08,560 INFO     ___FILE_ONLY___ ═
2025-08-12 13:38:08,560 INFO     ___FILE_ONLY___ ═
2025-08-12 13:38:08,560 INFO     ___FILE_ONLY___ ═
2025-08-12 13:38:08,560 INFO     ___FILE_ONLY___ ═
2025-08-12 13:38:08,561 INFO     ___FILE_ONLY___ ═
2025-08-12 13:38:08,561 INFO     ___FILE_ONLY___ ═
2025-08-12 13:38:08,561 INFO     ___FILE_ONLY___ ═
2025-08-12 13:38:08,561 INFO     ___FILE_ONLY___ ═
2025-08-12 13:38:08,561 INFO     ___FILE_ONLY___ ═
2025-08-12 13:38:08,561 INFO     ___FILE_ONLY___ ═
2025-08-12 13:38:08,561 INFO     ___FILE_ONLY___ ╝

2025-08-12 13:38:08,563 INFO     ___FILE_ONLY___ ╔════════════════════════════════════════════════════════════╗

2025-08-12 13:38:08,563 INFO     ___FILE_ONLY___ ╠═ Downloading: gcloud cli dependencies (Platform Specific) ═╣

2025-08-12 13:38:08,563 INFO     ___FILE_ONLY___ ╚
2025-08-12 13:38:08,566 DEBUG    urllib3.connectionpool Starting new HTTPS connection (1): dl.google.com:443
2025-08-12 13:38:09,691 DEBUG    urllib3.connectionpool https://dl.google.com:443 "GET /dl/cloudsdk/channels/rapid/components/google-cloud-sdk-gcloud-deps-linux-x86_64-20210416153011.tar.gz HTTP/11" 200 104
2025-08-12 13:38:09,691 INFO     ___FILE_ONLY___ ════════════════════════════════════════════════════════════
2025-08-12 13:38:09,692 INFO     ___FILE_ONLY___ ╝

2025-08-12 13:38:09,693 INFO     ___FILE_ONLY___ ╔════════════════════════════════════════════════════════════╗

2025-08-12 13:38:09,694 INFO     ___FILE_ONLY___ ╠═ Installing: BigQuery Command Line Tool                   ═╣

2025-08-12 13:38:09,694 INFO     ___FILE_ONLY___ ╚
2025-08-12 13:38:09,786 INFO     ___FILE_ONLY___ ═
2025-08-12 13:38:09,789 INFO     ___FILE_ONLY___ ═
2025-08-12 13:38:09,791 INFO     ___FILE_ONLY___ ═
2025-08-12 13:38:09,793 INFO     ___FILE_ONLY___ ═
2025-08-12 13:38:09,796 INFO     ___FILE_ONLY___ ═
2025-08-12 13:38:09,798 INFO     ___FILE_ONLY___ ═
2025-08-12 13:38:09,800 INFO     ___FILE_ONLY___ ═
2025-08-12 13:38:09,802 INFO     ___FILE_ONLY___ ═
2025-08-12 13:38:09,804 INFO     ___FILE_ONLY___ ═
2025-08-12 13:38:09,806 INFO     ___FILE_ONLY___ ═
2025-08-12 13:38:09,808 INFO     ___FILE_ONLY___ ═
2025-08-12 13:38:09,810 INFO     ___FILE_ONLY___ ═
2025-08-12 13:38:09,812 INFO     ___FILE_ONLY___ ═
2025-08-12 13:38:09,814 INFO     ___FILE_ONLY___ ═
2025-08-12 13:38:09,816 INFO     ___FILE_ONLY___ ═
2025-08-12 13:38:09,818 INFO     ___FILE_ONLY___ ═
2025-08-12 13:38:09,820 INFO     ___FILE_ONLY___ ═
2025-08-12 13:38:09,822 INFO     ___FILE_ONLY___ ═
2025-08-12 13:38:09,824 INFO     ___FILE_ONLY___ ═
2025-08-12 13:38:09,827 INFO     ___FILE_ONLY___ ═
2025-08-12 13:38:09,829 INFO     ___FILE_ONLY___ ═
2025-08-12 13:38:09,831 INFO     ___FILE_ONLY___ ═
2025-08-12 13:38:09,834 INFO     ___FILE_ONLY___ ═
2025-08-12 13:38:09,835 INFO     ___FILE_ONLY___ ═
2025-08-12 13:38:09,837 INFO     ___FILE_ONLY___ ═
2025-08-12 13:38:09,839 INFO     ___FILE_ONLY___ ═
2025-08-12 13:38:09,841 INFO     ___FILE_ONLY___ ═
2025-08-12 13:38:09,843 INFO     ___FILE_ONLY___ ═
2025-08-12 13:38:09,845 INFO     ___FILE_ONLY___ ═
2025-08-12 13:38:09,849 INFO     ___FILE_ONLY___ ═
2025-08-12 13:38:09,850 INFO     ___FILE_ONLY___ ═
2025-08-12 13:38:09,852 INFO     ___FILE_ONLY___ ═
2025-08-12 13:38:09,854 INFO     ___FILE_ONLY___ ═
2025-08-12 13:38:09,857 INFO     ___FILE_ONLY___ ═
2025-08-12 13:38:09,860 INFO     ___FILE_ONLY___ ═
2025-08-12 13:38:09,867 INFO     ___FILE_ONLY___ ═
2025-08-12 13:38:09,872 INFO     ___FILE_ONLY___ ═
2025-08-12 13:38:09,876 INFO     ___FILE_ONLY___ ═
2025-08-12 13:38:09,878 INFO     ___FILE_ONLY___ ═
2025-08-12 13:38:09,880 INFO     ___FILE_ONLY___ ═
2025-08-12 13:38:09,882 INFO     ___FILE_ONLY___ ═
2025-08-12 13:38:09,884 INFO     ___FILE_ONLY___ ═
2025-08-12 13:38:09,888 INFO     ___FILE_ONLY___ ═
2025-08-12 13:38:09,891 INFO     ___FILE_ONLY___ ═
2025-08-12 13:38:09,892 INFO     ___FILE_ONLY___ ═
2025-08-12 13:38:09,895 INFO     ___FILE_ONLY___ ═
2025-08-12 13:38:09,896 INFO     ___FILE_ONLY___ ═
2025-08-12 13:38:09,899 INFO     ___FILE_ONLY___ ═
2025-08-12 13:38:09,901 INFO     ___FILE_ONLY___ ═
2025-08-12 13:38:09,903 INFO     ___FILE_ONLY___ ═
2025-08-12 13:38:09,905 INFO     ___FILE_ONLY___ ═
2025-08-12 13:38:09,907 INFO     ___FILE_ONLY___ ═
2025-08-12 13:38:09,909 INFO     ___FILE_ONLY___ ═
2025-08-12 13:38:09,911 INFO     ___FILE_ONLY___ ═
2025-08-12 13:38:09,913 INFO     ___FILE_ONLY___ ═
2025-08-12 13:38:09,915 INFO     ___FILE_ONLY___ ═
2025-08-12 13:38:09,917 INFO     ___FILE_ONLY___ ═
2025-08-12 13:38:09,919 INFO     ___FILE_ONLY___ ═
2025-08-12 13:38:09,921 INFO     ___FILE_ONLY___ ═
2025-08-12 13:38:09,923 INFO     ___FILE_ONLY___ ═
2025-08-12 13:38:09,923 INFO     ___FILE_ONLY___ ╝

2025-08-12 13:38:09,930 INFO     ___FILE_ONLY___ ╔════════════════════════════════════════════════════════════╗

2025-08-12 13:38:09,930 INFO     ___FILE_ONLY___ ╠═ Installing: BigQuery Command Line Tool (Platform Spec... ═╣

2025-08-12 13:38:09,930 INFO     ___FILE_ONLY___ ╚
2025-08-12 13:38:09,931 INFO     ___FILE_ONLY___ ════════════════════════════════════════════════════════════
2025-08-12 13:38:09,931 INFO     ___FILE_ONLY___ ╝

2025-08-12 13:38:09,935 INFO     ___FILE_ONLY___ ╔════════════════════════════════════════════════════════════╗

2025-08-12 13:38:09,935 INFO     ___FILE_ONLY___ ╠═ Installing: Bundled Python 3.12                          ═╣

2025-08-12 13:38:09,935 INFO     ___FILE_ONLY___ ╚
2025-08-12 13:38:09,939 INFO     ___FILE_ONLY___ ════════════════════════════════════════════════════════════
2025-08-12 13:38:09,939 INFO     ___FILE_ONLY___ ╝

2025-08-12 13:38:09,941 INFO     ___FILE_ONLY___ ╔════════════════════════════════════════════════════════════╗

2025-08-12 13:38:09,941 INFO     ___FILE_ONLY___ ╠═ Installing: Bundled Python 3.12 (Platform Specific)      ═╣

2025-08-12 13:38:09,941 INFO     ___FILE_ONLY___ ╚
2025-08-12 13:38:12,168 INFO     ___FILE_ONLY___ ═
2025-08-12 13:38:12,179 INFO     ___FILE_ONLY___ ═
2025-08-12 13:38:12,190 INFO     ___FILE_ONLY___ ═
2025-08-12 13:38:12,202 INFO     ___FILE_ONLY___ ═
2025-08-12 13:38:12,213 INFO     ___FILE_ONLY___ ═
2025-08-12 13:38:12,225 INFO     ___FILE_ONLY___ ═
2025-08-12 13:38:12,237 INFO     ___FILE_ONLY___ ═
2025-08-12 13:38:12,248 INFO     ___FILE_ONLY___ ═
2025-08-12 13:38:12,260 INFO     ___FILE_ONLY___ ═
2025-08-12 13:38:12,271 INFO     ___FILE_ONLY___ ═
2025-08-12 13:38:12,284 INFO     ___FILE_ONLY___ ═
2025-08-12 13:38:12,295 INFO     ___FILE_ONLY___ ═
2025-08-12 13:38:12,307 INFO     ___FILE_ONLY___ ═
2025-08-12 13:38:12,319 INFO     ___FILE_ONLY___ ═
2025-08-12 13:38:12,331 INFO     ___FILE_ONLY___ ═
2025-08-12 13:38:12,342 INFO     ___FILE_ONLY___ ═
2025-08-12 13:38:12,353 INFO     ___FILE_ONLY___ ═
2025-08-12 13:38:12,365 INFO     ___FILE_ONLY___ ═
2025-08-12 13:38:12,377 INFO     ___FILE_ONLY___ ═
2025-08-12 13:38:12,388 INFO     ___FILE_ONLY___ ═
2025-08-12 13:38:12,400 INFO     ___FILE_ONLY___ ═
2025-08-12 13:38:12,412 INFO     ___FILE_ONLY___ ═
2025-08-12 13:38:12,423 INFO     ___FILE_ONLY___ ═
2025-08-12 13:38:12,435 INFO     ___FILE_ONLY___ ═
2025-08-12 13:38:12,447 INFO     ___FILE_ONLY___ ═
2025-08-12 13:38:12,458 INFO     ___FILE_ONLY___ ═
2025-08-12 13:38:12,469 INFO     ___FILE_ONLY___ ═
2025-08-12 13:38:12,481 INFO     ___FILE_ONLY___ ═
2025-08-12 13:38:12,492 INFO     ___FILE_ONLY___ ═
2025-08-12 13:38:12,504 INFO     ___FILE_ONLY___ ═
2025-08-12 13:38:12,516 INFO     ___FILE_ONLY___ ═
2025-08-12 13:38:12,528 INFO     ___FILE_ONLY___ ═
2025-08-12 13:38:12,540 INFO     ___FILE_ONLY___ ═
2025-08-12 13:38:12,553 INFO     ___FILE_ONLY___ ═
2025-08-12 13:38:12,568 INFO     ___FILE_ONLY___ ═
2025-08-12 13:38:12,583 INFO     ___FILE_ONLY___ ═
2025-08-12 13:38:13,440 INFO     ___FILE_ONLY___ ═
2025-08-12 13:38:13,463 INFO     ___FILE_ONLY___ ═
2025-08-12 13:38:13,953 INFO     ___FILE_ONLY___ ═
2025-08-12 13:38:13,970 INFO     ___FILE_ONLY___ ═
2025-08-12 13:38:13,991 INFO     ___FILE_ONLY___ ═
2025-08-12 13:38:14,015 INFO     ___FILE_ONLY___ ═
2025-08-12 13:38:14,033 INFO     ___FILE_ONLY___ ═
2025-08-12 13:38:14,059 INFO     ___FILE_ONLY___ ═
2025-08-12 13:38:14,079 INFO     ___FILE_ONLY___ ═
2025-08-12 13:38:14,097 INFO     ___FILE_ONLY___ ═
2025-08-12 13:38:14,113 INFO     ___FILE_ONLY___ ═
2025-08-12 13:38:14,129 INFO     ___FILE_ONLY___ ═
2025-08-12 13:38:14,216 INFO     ___FILE_ONLY___ ═
2025-08-12 13:38:14,233 INFO     ___FILE_ONLY___ ═
2025-08-12 13:38:14,370 INFO     ___FILE_ONLY___ ═
2025-08-12 13:38:14,387 INFO     ___FILE_ONLY___ ═
2025-08-12 13:38:14,403 INFO     ___FILE_ONLY___ ═
2025-08-12 13:38:14,419 INFO     ___FILE_ONLY___ ═
2025-08-12 13:38:14,433 INFO     ___FILE_ONLY___ ═
2025-08-12 13:38:14,451 INFO     ___FILE_ONLY___ ═
2025-08-12 13:38:14,466 INFO     ___FILE_ONLY___ ═
2025-08-12 13:38:14,482 INFO     ___FILE_ONLY___ ═
2025-08-12 13:38:14,509 INFO     ___FILE_ONLY___ ═
2025-08-12 13:38:14,989 INFO     ___FILE_ONLY___ ═
2025-08-12 13:38:14,989 INFO     ___FILE_ONLY___ ╝

2025-08-12 13:38:15,040 INFO     ___FILE_ONLY___ ╔════════════════════════════════════════════════════════════╗

2025-08-12 13:38:15,040 INFO     ___FILE_ONLY___ ╠═ Installing: Cloud Storage Command Line Tool              ═╣

2025-08-12 13:38:15,040 INFO     ___FILE_ONLY___ ╚
2025-08-12 13:38:15,592 INFO     ___FILE_ONLY___ ═
2025-08-12 13:38:15,603 INFO     ___FILE_ONLY___ ═
2025-08-12 13:38:15,614 INFO     ___FILE_ONLY___ ═
2025-08-12 13:38:15,623 INFO     ___FILE_ONLY___ ═
2025-08-12 13:38:15,632 INFO     ___FILE_ONLY___ ═
2025-08-12 13:38:15,666 INFO     ___FILE_ONLY___ ═
2025-08-12 13:38:15,678 INFO     ___FILE_ONLY___ ═
2025-08-12 13:38:15,693 INFO     ___FILE_ONLY___ ═
2025-08-12 13:38:15,707 INFO     ___FILE_ONLY___ ═
2025-08-12 13:38:15,722 INFO     ___FILE_ONLY___ ═
2025-08-12 13:38:15,738 INFO     ___FILE_ONLY___ ═
2025-08-12 13:38:15,749 INFO     ___FILE_ONLY___ ═
2025-08-12 13:38:15,760 INFO     ___FILE_ONLY___ ═
2025-08-12 13:38:15,768 INFO     ___FILE_ONLY___ ═
2025-08-12 13:38:15,777 INFO     ___FILE_ONLY___ ═
2025-08-12 13:38:15,793 INFO     ___FILE_ONLY___ ═
2025-08-12 13:38:15,806 INFO     ___FILE_ONLY___ ═
2025-08-12 13:38:15,815 INFO     ___FILE_ONLY___ ═
2025-08-12 13:38:15,826 INFO     ___FILE_ONLY___ ═
2025-08-12 13:38:15,836 INFO     ___FILE_ONLY___ ═
2025-08-12 13:38:15,845 INFO     ___FILE_ONLY___ ═
2025-08-12 13:38:15,857 INFO     ___FILE_ONLY___ ═
2025-08-12 13:38:15,867 INFO     ___FILE_ONLY___ ═
2025-08-12 13:38:15,877 INFO     ___FILE_ONLY___ ═
2025-08-12 13:38:15,886 INFO     ___FILE_ONLY___ ═
2025-08-12 13:38:15,896 INFO     ___FILE_ONLY___ ═
2025-08-12 13:38:15,905 INFO     ___FILE_ONLY___ ═
2025-08-12 13:38:15,919 INFO     ___FILE_ONLY___ ═
2025-08-12 13:38:15,934 INFO     ___FILE_ONLY___ ═
2025-08-12 13:38:15,945 INFO     ___FILE_ONLY___ ═
2025-08-12 13:38:15,957 INFO     ___FILE_ONLY___ ═
2025-08-12 13:38:15,978 INFO     ___FILE_ONLY___ ═
2025-08-12 13:38:15,993 INFO     ___FILE_ONLY___ ═
2025-08-12 13:38:16,011 INFO     ___FILE_ONLY___ ═
2025-08-12 13:38:16,025 INFO     ___FILE_ONLY___ ═
2025-08-12 13:38:16,041 INFO     ___FILE_ONLY___ ═
2025-08-12 13:38:16,050 INFO     ___FILE_ONLY___ ═
2025-08-12 13:38:16,060 INFO     ___FILE_ONLY___ ═
2025-08-12 13:38:16,094 INFO     ___FILE_ONLY___ ═
2025-08-12 13:38:16,108 INFO     ___FILE_ONLY___ ═
2025-08-12 13:38:16,118 INFO     ___FILE_ONLY___ ═
2025-08-12 13:38:16,128 INFO     ___FILE_ONLY___ ═
2025-08-12 13:38:16,138 INFO     ___FILE_ONLY___ ═
2025-08-12 13:38:16,148 INFO     ___FILE_ONLY___ ═
2025-08-12 13:38:16,158 INFO     ___FILE_ONLY___ ═
2025-08-12 13:38:16,167 INFO     ___FILE_ONLY___ ═
2025-08-12 13:38:16,177 INFO     ___FILE_ONLY___ ═
2025-08-12 13:38:16,186 INFO     ___FILE_ONLY___ ═
2025-08-12 13:38:16,195 INFO     ___FILE_ONLY___ ═
2025-08-12 13:38:16,207 INFO     ___FILE_ONLY___ ═
2025-08-12 13:38:16,221 INFO     ___FILE_ONLY___ ═
2025-08-12 13:38:16,233 INFO     ___FILE_ONLY___ ═
2025-08-12 13:38:16,246 INFO     ___FILE_ONLY___ ═
2025-08-12 13:38:16,258 INFO     ___FILE_ONLY___ ═
2025-08-12 13:38:16,270 INFO     ___FILE_ONLY___ ═
2025-08-12 13:38:16,284 INFO     ___FILE_ONLY___ ═
2025-08-12 13:38:16,300 INFO     ___FILE_ONLY___ ═
2025-08-12 13:38:16,320 INFO     ___FILE_ONLY___ ═
2025-08-12 13:38:16,336 INFO     ___FILE_ONLY___ ═
2025-08-12 13:38:16,353 INFO     ___FILE_ONLY___ ═
2025-08-12 13:38:16,353 INFO     ___FILE_ONLY___ ╝

2025-08-12 13:38:16,383 INFO     ___FILE_ONLY___ ╔════════════════════════════════════════════════════════════╗

2025-08-12 13:38:16,384 INFO     ___FILE_ONLY___ ╠═ Installing: Cloud Storage Command Line Tool (Platform... ═╣

2025-08-12 13:38:16,384 INFO     ___FILE_ONLY___ ╚
2025-08-12 13:38:16,384 INFO     ___FILE_ONLY___ ════════════════════════════════════════════════════════════
2025-08-12 13:38:16,385 INFO     ___FILE_ONLY___ ╝

2025-08-12 13:38:16,389 INFO     ___FILE_ONLY___ ╔════════════════════════════════════════════════════════════╗

2025-08-12 13:38:16,389 INFO     ___FILE_ONLY___ ╠═ Installing: Default set of gcloud commands               ═╣

2025-08-12 13:38:16,389 INFO     ___FILE_ONLY___ ╚
2025-08-12 13:38:16,391 INFO     ___FILE_ONLY___ ════════════════════════════════════════════════════════════
2025-08-12 13:38:16,391 INFO     ___FILE_ONLY___ ╝

2025-08-12 13:38:16,393 INFO     ___FILE_ONLY___ ╔════════════════════════════════════════════════════════════╗

2025-08-12 13:38:16,393 INFO     ___FILE_ONLY___ ╠═ Installing: Google Cloud CLI Core Libraries (Platform... ═╣

2025-08-12 13:38:16,393 INFO     ___FILE_ONLY___ ╚
2025-08-12 13:38:16,394 INFO     ___FILE_ONLY___ ══════════════════════════════
2025-08-12 13:38:16,394 INFO     ___FILE_ONLY___ ══════════════════════════════
2025-08-12 13:38:16,394 INFO     ___FILE_ONLY___ ╝

2025-08-12 13:38:16,398 INFO     ___FILE_ONLY___ ╔════════════════════════════════════════════════════════════╗

2025-08-12 13:38:16,398 INFO     ___FILE_ONLY___ ╠═ Installing: Google Cloud CRC32C Hash Tool                ═╣

2025-08-12 13:38:16,398 INFO     ___FILE_ONLY___ ╚
2025-08-12 13:38:16,400 INFO     ___FILE_ONLY___ ════════════════════════════════════════════════════════════
2025-08-12 13:38:16,400 INFO     ___FILE_ONLY___ ╝

2025-08-12 13:38:16,402 INFO     ___FILE_ONLY___ ╔════════════════════════════════════════════════════════════╗

2025-08-12 13:38:16,402 INFO     ___FILE_ONLY___ ╠═ Installing: Google Cloud CRC32C Hash Tool (Platform S... ═╣

2025-08-12 13:38:16,402 INFO     ___FILE_ONLY___ ╚
2025-08-12 13:38:16,440 INFO     ___FILE_ONLY___ ══════════════════════════════
2025-08-12 13:38:16,441 INFO     ___FILE_ONLY___ ══════════════════════════════
2025-08-12 13:38:16,441 INFO     ___FILE_ONLY___ ╝

2025-08-12 13:38:16,445 INFO     ___FILE_ONLY___ ╔════════════════════════════════════════════════════════════╗

2025-08-12 13:38:16,445 INFO     ___FILE_ONLY___ ╠═ Installing: gcloud cli dependencies (Platform Specific)  ═╣

2025-08-12 13:38:16,445 INFO     ___FILE_ONLY___ ╚
2025-08-12 13:38:16,446 INFO     ___FILE_ONLY___ ════════════════════════════════════════════════════════════
2025-08-12 13:38:16,446 INFO     ___FILE_ONLY___ ╝

2025-08-12 13:38:16,450 DEBUG    root            Updating notification cache...
2025-08-12 13:38:16,451 INFO     ___FILE_ONLY___ 

2025-08-12 13:38:16,452 INFO     ___FILE_ONLY___ Performing post processing steps...
2025-08-12 13:38:16,453 DEBUG    root            Executing command: ['/tools/google-cloud-sdk/bin/gcloud', 'components', 'post-process']
2025-08-12 13:38:25,203 DEBUG    ___FILE_ONLY___ 
2025-08-12 13:38:25,203 DEBUG    ___FILE_ONLY___ 
2025-08-12 13:38:25,244 INFO     root            descriptor_list: [{'universeDomain': 'googleapis.com', 'universeShortName': '', 'authenticationDomain': 'auth.cloud.google.com', 'projectPrefix': '', 'cloudWebDomain': 'cloud.google.com', 'documentationDomain': 'cloud.google.com', 'version': '1.0.0', 'state': 'primary', 'artifactRegistryDomain': 'pkg.dev'}]
2025-08-12 13:38:25,245 INFO     ___FILE_ONLY___ 
Update done!


2025-08-12 13:38:25,247 DEBUG    root            Chosen display Format:none
2025-08-12 13:38:25,248 INFO     root            Display format: "none"
