2025-08-12 13:38:25,897 DEBUG    root            Loaded Command Group: ['gcloud', 'components']
2025-08-12 13:38:25,899 DEBUG    root            Loaded Command Group: ['gcloud', 'components', 'update']
2025-08-12 13:38:25,900 DEBUG    root            Running [gcloud.components.update] with arguments: [--quiet: "True", COMPONENT-IDS:8: "['gcloud', 'core', 'bq', 'gsutil', 'compute', 'preview', 'alpha', 'beta']"]
2025-08-12 13:38:25,901 INFO     ___FILE_ONLY___ Beginning update. This process may take several minutes.

2025-08-12 13:38:25,910 DEBUG    urllib3.connectionpool Starting new HTTPS connection (1): dl.google.com:443
2025-08-12 13:38:26,973 DEBUG    urllib3.connectionpool https://dl.google.com:443 "GET /dl/cloudsdk/channels/rapid/components-2.json HTTP/11" 200 233150
2025-08-12 13:38:27,475 WARNING  root            Component [compute] no longer exists.
2025-08-12 13:38:27,476 INFO     ___FILE_ONLY___ 

2025-08-12 13:38:27,476 INFO     ___FILE_ONLY___ 
Your current Google Cloud CLI version is: 534.0.0

2025-08-12 13:38:27,476 INFO     ___FILE_ONLY___ Installing components from version: 534.0.0

2025-08-12 13:38:27,476 INFO     ___FILE_ONLY___ 

2025-08-12 13:38:27,476 DEBUG    root            Chosen display Format:table[box,title="These components will be removed."](details.display_name:label=Name:align=left,version.version_string:label=Version:align=right,data.size.size(zero="",min=1048576):label=Size:align=right)
2025-08-12 13:38:27,477 DEBUG    root            Chosen display Format:table[box,title="These components will be updated."](details.display_name:label=Name:align=left,version.version_string:label=Version:align=right,data.size.size(zero="",min=1048576):label=Size:align=right)
2025-08-12 13:38:27,477 DEBUG    root            Chosen display Format:table[box,title="These components will be installed."](details.display_name:label=Name:align=left,version.version_string:label=Version:align=right,data.size.size(zero="",min=1048576):label=Size:align=right)
2025-08-12 13:38:27,491 INFO     ___FILE_ONLY___ ┌────────────────────────────────────────────────┐
2025-08-12 13:38:27,491 INFO     ___FILE_ONLY___ 

2025-08-12 13:38:27,491 INFO     ___FILE_ONLY___ │      These components will be installed.       │
2025-08-12 13:38:27,491 INFO     ___FILE_ONLY___ 

2025-08-12 13:38:27,491 INFO     ___FILE_ONLY___ ├─────────────────────────┬────────────┬─────────┤
2025-08-12 13:38:27,491 INFO     ___FILE_ONLY___ 

2025-08-12 13:38:27,491 INFO     ___FILE_ONLY___ │           Name          │  Version   │   Size  │
2025-08-12 13:38:27,491 INFO     ___FILE_ONLY___ 

2025-08-12 13:38:27,492 INFO     ___FILE_ONLY___ ├─────────────────────────┼────────────┼─────────┤
2025-08-12 13:38:27,492 INFO     ___FILE_ONLY___ 

2025-08-12 13:38:27,492 INFO     ___FILE_ONLY___ │ 
2025-08-12 13:38:27,492 INFO     ___FILE_ONLY___ gcloud Alpha Commands  
2025-08-12 13:38:27,492 INFO     ___FILE_ONLY___  
2025-08-12 13:38:27,492 INFO     ___FILE_ONLY___ │ 
2025-08-12 13:38:27,492 INFO     ___FILE_ONLY___ 2025.08.08
2025-08-12 13:38:27,492 INFO     ___FILE_ONLY___  
2025-08-12 13:38:27,492 INFO     ___FILE_ONLY___ │ 
2025-08-12 13:38:27,492 INFO     ___FILE_ONLY___ < 1 MiB
2025-08-12 13:38:27,492 INFO     ___FILE_ONLY___  
2025-08-12 13:38:27,492 INFO     ___FILE_ONLY___ │
2025-08-12 13:38:27,492 INFO     ___FILE_ONLY___ 

2025-08-12 13:38:27,492 INFO     ___FILE_ONLY___ │ 
2025-08-12 13:38:27,492 INFO     ___FILE_ONLY___ gcloud Beta Commands   
2025-08-12 13:38:27,493 INFO     ___FILE_ONLY___  
2025-08-12 13:38:27,493 INFO     ___FILE_ONLY___ │ 
2025-08-12 13:38:27,493 INFO     ___FILE_ONLY___ 2025.08.08
2025-08-12 13:38:27,493 INFO     ___FILE_ONLY___  
2025-08-12 13:38:27,493 INFO     ___FILE_ONLY___ │ 
2025-08-12 13:38:27,493 INFO     ___FILE_ONLY___ < 1 MiB
2025-08-12 13:38:27,493 INFO     ___FILE_ONLY___  
2025-08-12 13:38:27,493 INFO     ___FILE_ONLY___ │
2025-08-12 13:38:27,493 INFO     ___FILE_ONLY___ 

2025-08-12 13:38:27,493 INFO     ___FILE_ONLY___ │ 
2025-08-12 13:38:27,493 INFO     ___FILE_ONLY___ gcloud Preview Commands
2025-08-12 13:38:27,493 INFO     ___FILE_ONLY___  
2025-08-12 13:38:27,493 INFO     ___FILE_ONLY___ │ 
2025-08-12 13:38:27,493 INFO     ___FILE_ONLY___           
2025-08-12 13:38:27,493 INFO     ___FILE_ONLY___  
2025-08-12 13:38:27,493 INFO     ___FILE_ONLY___ │ 
2025-08-12 13:38:27,493 INFO     ___FILE_ONLY___ < 1 MiB
2025-08-12 13:38:27,493 INFO     ___FILE_ONLY___  
2025-08-12 13:38:27,493 INFO     ___FILE_ONLY___ │
2025-08-12 13:38:27,493 INFO     ___FILE_ONLY___ 

2025-08-12 13:38:27,493 INFO     ___FILE_ONLY___ └─────────────────────────┴────────────┴─────────┘
2025-08-12 13:38:27,494 INFO     ___FILE_ONLY___ 

2025-08-12 13:38:27,494 INFO     ___FILE_ONLY___ 

2025-08-12 13:38:27,497 DEBUG    urllib3.connectionpool Starting new HTTPS connection (1): dl.google.com:443
2025-08-12 13:38:28,549 DEBUG    urllib3.connectionpool https://dl.google.com:443 "GET /dl/cloudsdk/channels/rapid/RELEASE_NOTES HTTP/11" 200 1464830
2025-08-12 13:38:29,019 INFO     ___FILE_ONLY___ For the latest full release notes, please visit:
  https://cloud.google.com/sdk/release_notes


2025-08-12 13:38:29,020 INFO     ___FILE_ONLY___ Performing in place update...


2025-08-12 13:38:29,021 INFO     ___FILE_ONLY___ ╔════════════════════════════════════════════════════════════╗

2025-08-12 13:38:29,022 INFO     ___FILE_ONLY___ ╠═ Downloading: gcloud Alpha Commands                       ═╣

2025-08-12 13:38:29,022 INFO     ___FILE_ONLY___ ╚
2025-08-12 13:38:29,025 DEBUG    urllib3.connectionpool Starting new HTTPS connection (1): dl.google.com:443
2025-08-12 13:38:30,196 DEBUG    urllib3.connectionpool https://dl.google.com:443 "GET /dl/cloudsdk/channels/rapid/components/google-cloud-sdk-alpha-20250808155822.tar.gz HTTP/11" 200 800
2025-08-12 13:38:30,197 INFO     ___FILE_ONLY___ ════════════════════════════════════════════════════════════
2025-08-12 13:38:30,197 INFO     ___FILE_ONLY___ ╝

2025-08-12 13:38:30,199 INFO     ___FILE_ONLY___ ╔════════════════════════════════════════════════════════════╗

2025-08-12 13:38:30,199 INFO     ___FILE_ONLY___ ╠═ Downloading: gcloud Beta Commands                        ═╣

2025-08-12 13:38:30,199 INFO     ___FILE_ONLY___ ╚
2025-08-12 13:38:30,203 DEBUG    urllib3.connectionpool Starting new HTTPS connection (1): dl.google.com:443
2025-08-12 13:38:31,328 DEBUG    urllib3.connectionpool https://dl.google.com:443 "GET /dl/cloudsdk/channels/rapid/components/google-cloud-sdk-beta-20250808155822.tar.gz HTTP/11" 200 797
2025-08-12 13:38:31,329 INFO     ___FILE_ONLY___ ════════════════════════════════════════════════════════════
2025-08-12 13:38:31,329 INFO     ___FILE_ONLY___ ╝

2025-08-12 13:38:31,331 INFO     ___FILE_ONLY___ ╔════════════════════════════════════════════════════════════╗

2025-08-12 13:38:31,331 INFO     ___FILE_ONLY___ ╠═ Downloading: gcloud Preview Commands                     ═╣

2025-08-12 13:38:31,331 INFO     ___FILE_ONLY___ ╚
2025-08-12 13:38:31,334 DEBUG    urllib3.connectionpool Starting new HTTPS connection (1): dl.google.com:443
2025-08-12 13:38:32,444 DEBUG    urllib3.connectionpool https://dl.google.com:443 "GET /dl/cloudsdk/channels/rapid/components/google-cloud-sdk-preview-20241115154308.tar.gz HTTP/11" 200 823
2025-08-12 13:38:32,445 INFO     ___FILE_ONLY___ ════════════════════════════════════════════════════════════
2025-08-12 13:38:32,445 INFO     ___FILE_ONLY___ ╝

2025-08-12 13:38:32,447 INFO     ___FILE_ONLY___ ╔════════════════════════════════════════════════════════════╗

2025-08-12 13:38:32,447 INFO     ___FILE_ONLY___ ╠═ Installing: gcloud Alpha Commands                        ═╣

2025-08-12 13:38:32,447 INFO     ___FILE_ONLY___ ╚
2025-08-12 13:38:32,448 INFO     ___FILE_ONLY___ ════════════════════════════════════════════════════════════
2025-08-12 13:38:32,448 INFO     ___FILE_ONLY___ ╝

2025-08-12 13:38:32,453 INFO     ___FILE_ONLY___ ╔════════════════════════════════════════════════════════════╗

2025-08-12 13:38:32,454 INFO     ___FILE_ONLY___ ╠═ Installing: gcloud Beta Commands                         ═╣

2025-08-12 13:38:32,454 INFO     ___FILE_ONLY___ ╚
2025-08-12 13:38:32,454 INFO     ___FILE_ONLY___ ════════════════════════════════════════════════════════════
2025-08-12 13:38:32,454 INFO     ___FILE_ONLY___ ╝

2025-08-12 13:38:32,459 INFO     ___FILE_ONLY___ ╔════════════════════════════════════════════════════════════╗

2025-08-12 13:38:32,459 INFO     ___FILE_ONLY___ ╠═ Installing: gcloud Preview Commands                      ═╣

2025-08-12 13:38:32,459 INFO     ___FILE_ONLY___ ╚
2025-08-12 13:38:32,460 INFO     ___FILE_ONLY___ ════════════════════════════════════════════════════════════
2025-08-12 13:38:32,460 INFO     ___FILE_ONLY___ ╝

2025-08-12 13:38:32,465 DEBUG    root            Updating notification cache...
2025-08-12 13:38:32,465 INFO     ___FILE_ONLY___ 

2025-08-12 13:38:32,467 INFO     ___FILE_ONLY___ Performing post processing steps...
2025-08-12 13:38:32,467 DEBUG    root            Executing command: ['/tools/google-cloud-sdk/bin/gcloud', 'components', 'post-process']
2025-08-12 13:38:41,380 DEBUG    ___FILE_ONLY___ 
2025-08-12 13:38:41,380 DEBUG    ___FILE_ONLY___ 
2025-08-12 13:38:41,481 INFO     root            descriptor_list: [{'universeDomain': 'googleapis.com', 'universeShortName': '', 'authenticationDomain': 'auth.cloud.google.com', 'projectPrefix': '', 'cloudWebDomain': 'cloud.google.com', 'documentationDomain': 'cloud.google.com', 'version': '1.0.0', 'state': 'primary', 'artifactRegistryDomain': 'pkg.dev'}]
2025-08-12 13:38:41,481 INFO     ___FILE_ONLY___ 
Update done!


2025-08-12 13:38:41,483 DEBUG    root            Chosen display Format:none
2025-08-12 13:38:41,484 INFO     root            Display format: "none"
